{
  "0 debug pnpm:scope": {
    "selected": 1,
    "total": 2
  },
  "1 info pnpm": {
    "err": {
      "name": "Error",
      "message": "Unexpected store location",
      "code": "ERR_PNPM_UNEXPECTED_STORE",
      "stack": "Error: Unexpected store location\n    at Object.checkCompatibility [as default] (C:\\Users\\pedro\\AppData\\Roaming\\npm\\node_modules\\pnpm\\dist\\pnpm.cjs:91842:15)\n    at C:\\Users\\pedro\\AppData\\Roaming\\npm\\node_modules\\pnpm\\dist\\pnpm.cjs:92359:39\n    at Array.map (<anonymous>)\n    at validateModules (C:\\Users\\pedro\\AppData\\Roaming\\npm\\node_modules\\pnpm\\dist\\pnpm.cjs:92357:34)\n    at Object.getContext [as default] (C:\\Users\\pedro\\AppData\\Roaming\\npm\\node_modules\\pnpm\\dist\\pnpm.cjs:92255:34)\n    at async mutateModules (C:\\Users\\pedro\\AppData\\Roaming\\npm\\node_modules\\pnpm\\dist\\pnpm.cjs:114767:19)\n    at async Object.addDependenciesToPackage (C:\\Users\\pedro\\AppData\\Roaming\\npm\\node_modules\\pnpm\\dist\\pnpm.cjs:115095:24)\n    at async C:\\Users\\pedro\\AppData\\Roaming\\npm\\node_modules\\pnpm\\dist\\pnpm.cjs:117387:31"
    }
  },
  "2 error pnpm": {
    "code": "ERR_PNPM_UNEXPECTED_STORE",
    "expectedStorePath": "C:\\Users\\Meta3\\.pnpm-store\\v3",
    "actualStorePath": "C:\\Users\\pedro\\.pnpm-store\\v3",
    "modulesDir": "C:\\Users\\pedro\\Desktop\\Developer\\Hiring Coders\\graphQl_study\\packages\\server\\node_modules",
    "prefix": "C:\\Users\\pedro\\Desktop\\Developer\\Hiring Coders\\graphQl_study\\packages\\server",
    "err": {
      "name": "Error",
      "message": "Unexpected store location",
      "code": "ERR_PNPM_UNEXPECTED_STORE",
      "stack": "Error: Unexpected store location\n    at Object.checkCompatibility [as default] (C:\\Users\\pedro\\AppData\\Roaming\\npm\\node_modules\\pnpm\\dist\\pnpm.cjs:91842:15)\n    at C:\\Users\\pedro\\AppData\\Roaming\\npm\\node_modules\\pnpm\\dist\\pnpm.cjs:92359:39\n    at Array.map (<anonymous>)\n    at validateModules (C:\\Users\\pedro\\AppData\\Roaming\\npm\\node_modules\\pnpm\\dist\\pnpm.cjs:92357:34)\n    at Object.getContext [as default] (C:\\Users\\pedro\\AppData\\Roaming\\npm\\node_modules\\pnpm\\dist\\pnpm.cjs:92255:34)\n    at async mutateModules (C:\\Users\\pedro\\AppData\\Roaming\\npm\\node_modules\\pnpm\\dist\\pnpm.cjs:114767:19)\n    at async Object.addDependenciesToPackage (C:\\Users\\pedro\\AppData\\Roaming\\npm\\node_modules\\pnpm\\dist\\pnpm.cjs:115095:24)\n    at async C:\\Users\\pedro\\AppData\\Roaming\\npm\\node_modules\\pnpm\\dist\\pnpm.cjs:117387:31"
    }
  }
}